0 info it worked if it ends with ok
1 verbose cli [ '/usr/local/bin/node', '/usr/local/bin/npm', 'run', 'lint' ]
2 info using npm@3.3.12
3 info using node@v5.5.0
4 verbose run-script [ 'prelint', 'lint', 'postlint' ]
5 info lifecycle tabli@0.8.9~prelint: tabli@0.8.9
6 silly lifecycle tabli@0.8.9~prelint: no script for prelint, continuing
7 info lifecycle tabli@0.8.9~lint: tabli@0.8.9
8 verbose lifecycle tabli@0.8.9~lint: unsafe-perm in lifecycle true
9 verbose lifecycle tabli@0.8.9~lint: PATH: /usr/local/lib/node_modules/npm/bin/node-gyp-bin:/Users/antony/home/src/chrome-extensions/tabli/node_modules/.bin:/Users/antony/.cabal/bin:/Applications/ghc-7.8.3.app/Contents/bin:/Users/antony/Downloads/google-cloud-sdk/bin:/Users/antony/anaconda/bin://anaconda/bin:/usr/local/heroku/bin:/usr/local/sbin:/opt/local/bin:/opt/local/sbin:/Users/antony/.rvm/gems/ruby-2.2.0/bin:/Users/antony/.rvm/gems/ruby-2.2.0@global/bin:/Users/antony/.rvm/rubies/ruby-2.2.0/bin:/Users/antony/home/src/elm/Elm-Platform/0.15/bin:/Applications/Vagrant/bin:/opt/local/packages/activator:/opt/local/packages/apache-maven-3.2.5/bin:/opt/local/packages/glassfish/bin:/usr/local/spark/bin:/Applications/Aquamacs Emacs.app/Contents/MacOS/bin:/opt/local/bin:/opt/local/sbin:/Users/antony/home/src:/Users/antony/home/bin:/Users/antony/bin:/usr/local/bin:/usr/bin:/bin:/usr/sbin:/sbin:/opt/X11/bin:/usr/local/git/bin:/Users/antony/.rvm/bin
10 verbose lifecycle tabli@0.8.9~lint: CWD: /Users/antony/home/src/chrome-extensions/tabli
11 silly lifecycle tabli@0.8.9~lint: Args: [ '-c', 'eslint .' ]
12 silly lifecycle tabli@0.8.9~lint: Returned: code: 1  signal: null
13 info lifecycle tabli@0.8.9~lint: Failed to exec lint script
14 verbose stack Error: tabli@0.8.9 lint: `eslint .`
14 verbose stack Exit status 1
14 verbose stack     at EventEmitter.<anonymous> (/usr/local/lib/node_modules/npm/lib/utils/lifecycle.js:232:16)
14 verbose stack     at emitTwo (events.js:100:13)
14 verbose stack     at EventEmitter.emit (events.js:185:7)
14 verbose stack     at ChildProcess.<anonymous> (/usr/local/lib/node_modules/npm/lib/utils/spawn.js:24:14)
14 verbose stack     at emitTwo (events.js:100:13)
14 verbose stack     at ChildProcess.emit (events.js:185:7)
14 verbose stack     at maybeClose (internal/child_process.js:821:16)
14 verbose stack     at Process.ChildProcess._handle.onexit (internal/child_process.js:211:5)
15 verbose pkgid tabli@0.8.9
16 verbose cwd /Users/antony/home/src/chrome-extensions/tabli
17 error Darwin 15.3.0
18 error argv "/usr/local/bin/node" "/usr/local/bin/npm" "run" "lint"
19 error node v5.5.0
20 error npm  v3.3.12
21 error code ELIFECYCLE
22 error tabli@0.8.9 lint: `eslint .`
22 error Exit status 1
23 error Failed at the tabli@0.8.9 lint script 'eslint .'.
23 error Make sure you have the latest version of node.js and npm installed.
23 error If you do, this is most likely a problem with the tabli package,
23 error not with npm itself.
23 error Tell the author that this fails on your system:
23 error     eslint .
23 error You can get their info via:
23 error     npm owner ls tabli
23 error There is likely additional logging output above.
24 verbose exit [ 1, true ]
